<?xml version="1.0" encoding="UTF-8"?>
<!-- Generated by org.testng.reporters.JUnitReportReporter -->
<testsuite skipped="0" hostname="Admin_SRV-PC" name="Restassureddemo.putpatchdelete_restassureddemo" tests="2" failures="0" timestamp="2022-04-12T16:05:39 IST" time="4.998" errors="0">
  <testcase name="deletemethod" time="3.655" classname="Restassureddemo.putpatchdelete_restassureddemo"/>
  <system-out/>
  <testcase name="patchmethod" time="1.343" classname="Restassureddemo.putpatchdelete_restassureddemo"/>
  <system-out/>
</testsuite> <!-- Restassureddemo.putpatchdelete_restassureddemo -->
